This file contains any messages produced by compilers while
running configure, to aid debugging if configure makes a mistake.

It was created by configure, which was
generated by GNU Autoconf 2.61.  Invocation command line was

  $ ./configure --build=arm

## --------- ##
## Platform. ##
## --------- ##

hostname = ubuntu-larry
uname -m = aarch64
uname -r = 5.15.0-67-generic
uname -s = Linux
uname -v = #74-Ubuntu SMP Wed Feb 22 14:14:39 UTC 2023

/usr/bin/uname -p = aarch64
/bin/uname -X     = unknown

/bin/arch              = aarch64
/usr/bin/arch -k       = unknown
/usr/convex/getsysinfo = unknown
/usr/bin/hostinfo      = unknown
/bin/machine           = unknown
/usr/bin/oslevel       = unknown
/bin/universe          = unknown

PATH: /home/larrylime/.bun/bin
PATH: /home/larrylime/.bun/bin
PATH: /home/larrylime/.cargo/bin
PATH: /usr/local/sbin
PATH: /usr/local/bin
PATH: /usr/sbin
PATH: /usr/bin
PATH: /sbin
PATH: /bin
PATH: /usr/games
PATH: /usr/local/games
PATH: /snap/bin
PATH: /snap/bin
PATH: /home/larry
PATH: /home/larry/.cargo/bin
PATH: /home/larry
PATH: /home/larry/.cargo/bin


## ----------- ##
## Core tests. ##
## ----------- ##

configure:1775: checking build system type
configure:1793: result: arm-unknown-none
configure:1815: checking host system type
configure:1830: result: arm-unknown-none
configure:1852: checking target system type
configure:1867: result: arm-unknown-none
configure:1909: checking for a BSD-compatible install
configure:1965: result: /usr/bin/install -c
configure:1976: checking whether build environment is sane
configure:2019: result: yes
configure:2084: checking for gawk
configure:2100: found /usr/bin/gawk
configure:2111: result: gawk
configure:2122: checking whether make sets $(MAKE)
configure:2143: result: yes
configure:2379: checking for gcc
configure:2395: found /usr/bin/gcc
configure:2406: result: gcc
configure:2644: checking for C compiler version
configure:2651: gcc --version >&5
gcc (Ubuntu 11.3.0-1ubuntu1~22.04) 11.3.0
Copyright (C) 2021 Free Software Foundation, Inc.
This is free software; see the source for copying conditions.  There is NO
warranty; not even for MERCHANTABILITY or FITNESS FOR A PARTICULAR PURPOSE.

configure:2654: $? = 0
configure:2661: gcc -v >&5
Using built-in specs.
COLLECT_GCC=gcc
COLLECT_LTO_WRAPPER=/usr/lib/gcc/aarch64-linux-gnu/11/lto-wrapper
Target: aarch64-linux-gnu
Configured with: ../src/configure -v --with-pkgversion='Ubuntu 11.3.0-1ubuntu1~22.04' --with-bugurl=file:///usr/share/doc/gcc-11/README.Bugs --enable-languages=c,ada,c++,go,d,fortran,objc,obj-c++,m2 --prefix=/usr --with-gcc-major-version-only --program-suffix=-11 --program-prefix=aarch64-linux-gnu- --enable-shared --enable-linker-build-id --libexecdir=/usr/lib --without-included-gettext --enable-threads=posix --libdir=/usr/lib --enable-nls --enable-bootstrap --enable-clocale=gnu --enable-libstdcxx-debug --enable-libstdcxx-time=yes --with-default-libstdcxx-abi=new --enable-gnu-unique-object --disable-libquadmath --disable-libquadmath-support --enable-plugin --enable-default-pie --with-system-zlib --enable-libphobos-checking=release --with-target-system-zlib=auto --enable-objc-gc=auto --enable-multiarch --enable-fix-cortex-a53-843419 --disable-werror --enable-checking=release --build=aarch64-linux-gnu --host=aarch64-linux-gnu --target=aarch64-linux-gnu --with-build-config=bootstrap-lto-lean --enable-link-serialization=2
Thread model: posix
Supported LTO compression algorithms: zlib zstd
gcc version 11.3.0 (Ubuntu 11.3.0-1ubuntu1~22.04) 
configure:2664: $? = 0
configure:2671: gcc -V >&5
gcc: error: unrecognized command-line option '-V'
gcc: fatal error: no input files
compilation terminated.
configure:2674: $? = 1
configure:2697: checking for C compiler default output file name
configure:2724: gcc    conftest.c  >&5
configure:2727: $? = 0
configure:2765: result: a.out
configure:2782: checking whether the C compiler works
configure:2792: ./a.out
configure:2795: $? = 0
configure:2812: result: yes
configure:2819: checking whether we are cross compiling
configure:2821: result: no
configure:2824: checking for suffix of executables
configure:2831: gcc -o conftest    conftest.c  >&5
configure:2834: $? = 0
configure:2858: result: 
configure:2864: checking for suffix of object files
configure:2890: gcc -c   conftest.c >&5
configure:2893: $? = 0
configure:2916: result: o
configure:2920: checking whether we are using the GNU C compiler
configure:2949: gcc -c   conftest.c >&5
configure:2955: $? = 0
configure:2972: result: yes
configure:2977: checking whether gcc accepts -g
configure:3007: gcc -c -g  conftest.c >&5
configure:3013: $? = 0
configure:3112: result: yes
configure:3129: checking for gcc option to accept ISO C89
configure:3203: gcc  -c -g -O2  conftest.c >&5
configure:3209: $? = 0
configure:3232: result: none needed
configure:3261: checking for style of include used by make
configure:3289: result: GNU
configure:3317: checking dependency style of gcc
configure:3407: result: gcc3
configure:3478: checking how to run the C preprocessor
configure:3518: gcc -E   -I/usr/include/pcap conftest.c
configure:3524: $? = 0
configure:3555: gcc -E   -I/usr/include/pcap conftest.c
conftest.c:10:10: fatal error: ac_nonexistent.h: No such file or directory
   10 | #include <ac_nonexistent.h>
      |          ^~~~~~~~~~~~~~~~~~
compilation terminated.
configure:3561: $? = 1
configure: failed program was:
| /* confdefs.h.  */
| #define PACKAGE_NAME ""
| #define PACKAGE_TARNAME ""
| #define PACKAGE_VERSION ""
| #define PACKAGE_STRING ""
| #define PACKAGE_BUGREPORT ""
| #define PACKAGE "tcpurify"
| #define VERSION "0.11.2"
| /* end confdefs.h.  */
| #include <ac_nonexistent.h>
configure:3594: result: gcc -E
configure:3623: gcc -E   -I/usr/include/pcap conftest.c
configure:3629: $? = 0
configure:3660: gcc -E   -I/usr/include/pcap conftest.c
conftest.c:10:10: fatal error: ac_nonexistent.h: No such file or directory
   10 | #include <ac_nonexistent.h>
      |          ^~~~~~~~~~~~~~~~~~
compilation terminated.
configure:3666: $? = 1
configure: failed program was:
| /* confdefs.h.  */
| #define PACKAGE_NAME ""
| #define PACKAGE_TARNAME ""
| #define PACKAGE_VERSION ""
| #define PACKAGE_STRING ""
| #define PACKAGE_BUGREPORT ""
| #define PACKAGE "tcpurify"
| #define VERSION "0.11.2"
| /* end confdefs.h.  */
| #include <ac_nonexistent.h>
configure:3704: checking for grep that handles long lines and -e
configure:3778: result: /usr/bin/grep
configure:3783: checking for egrep
configure:3861: result: /usr/bin/grep -E
configure:3866: checking for ANSI C header files
configure:3896: gcc -c -g -O2   -I/usr/include/pcap conftest.c >&5
configure:3902: $? = 0
configure:4001: gcc -o conftest -g -O2   -I/usr/include/pcap  conftest.c   >&5
configure:4004: $? = 0
configure:4010: ./conftest
configure:4013: $? = 0
configure:4030: result: yes
configure:4054: checking for sys/types.h
configure:4075: gcc -c -g -O2   -I/usr/include/pcap conftest.c >&5
configure:4081: $? = 0
configure:4097: result: yes
configure:4054: checking for sys/stat.h
configure:4075: gcc -c -g -O2   -I/usr/include/pcap conftest.c >&5
configure:4081: $? = 0
configure:4097: result: yes
configure:4054: checking for stdlib.h
configure:4075: gcc -c -g -O2   -I/usr/include/pcap conftest.c >&5
configure:4081: $? = 0
configure:4097: result: yes
configure:4054: checking for string.h
configure:4075: gcc -c -g -O2   -I/usr/include/pcap conftest.c >&5
configure:4081: $? = 0
configure:4097: result: yes
configure:4054: checking for memory.h
configure:4075: gcc -c -g -O2   -I/usr/include/pcap conftest.c >&5
configure:4081: $? = 0
configure:4097: result: yes
configure:4054: checking for strings.h
configure:4075: gcc -c -g -O2   -I/usr/include/pcap conftest.c >&5
configure:4081: $? = 0
configure:4097: result: yes
configure:4054: checking for inttypes.h
configure:4075: gcc -c -g -O2   -I/usr/include/pcap conftest.c >&5
configure:4081: $? = 0
configure:4097: result: yes
configure:4054: checking for stdint.h
configure:4075: gcc -c -g -O2   -I/usr/include/pcap conftest.c >&5
configure:4081: $? = 0
configure:4097: result: yes
configure:4054: checking for unistd.h
configure:4075: gcc -c -g -O2   -I/usr/include/pcap conftest.c >&5
configure:4081: $? = 0
configure:4097: result: yes
configure:4119: checking pcap.h usability
configure:4136: gcc -c -g -O2   -I/usr/include/pcap conftest.c >&5
configure:4142: $? = 0
configure:4156: result: yes
configure:4160: checking pcap.h presence
configure:4175: gcc -E   -I/usr/include/pcap conftest.c
configure:4181: $? = 0
configure:4195: result: yes
configure:4223: checking for pcap.h
configure:4230: result: yes
configure:4250: checking for pcap_major_version in -lpcap
configure:4285: gcc -o conftest -g -O2   -I/usr/include/pcap  conftest.c -lpcap    >&5
configure:4291: $? = 0
configure:4309: result: yes
configure:4326: checking for gethostbyaddr
configure:4382: gcc -o conftest -g -O2   conftest.c  >&5
configure:4388: $? = 0
configure:4405: result: yes
configure:4483: checking for socket
configure:4539: gcc -o conftest -g -O2   conftest.c  >&5
configure:4545: $? = 0
configure:4562: result: yes
configure:4750: creating ./config.status

## ---------------------- ##
## Running config.status. ##
## ---------------------- ##

This file was extended by config.status, which was
generated by GNU Autoconf 2.61.  Invocation command line was

  CONFIG_FILES    = 
  CONFIG_HEADERS  = 
  CONFIG_LINKS    = 
  CONFIG_COMMANDS = 
  $ ./config.status 

on ubuntu-larry

config.status:648: creating Makefile
config.status:648: creating config.h
config.status:914: executing depfiles commands

## ---------------- ##
## Cache variables. ##
## ---------------- ##

ac_cv_build=arm-unknown-none
ac_cv_c_compiler_gnu=yes
ac_cv_env_CC_set=
ac_cv_env_CC_value=
ac_cv_env_CFLAGS_set=
ac_cv_env_CFLAGS_value=
ac_cv_env_CPPFLAGS_set=
ac_cv_env_CPPFLAGS_value=
ac_cv_env_CPP_set=
ac_cv_env_CPP_value=
ac_cv_env_LDFLAGS_set=
ac_cv_env_LDFLAGS_value=
ac_cv_env_LIBS_set=
ac_cv_env_LIBS_value=
ac_cv_env_build_alias_set=set
ac_cv_env_build_alias_value=arm
ac_cv_env_host_alias_set=
ac_cv_env_host_alias_value=
ac_cv_env_target_alias_set=
ac_cv_env_target_alias_value=
ac_cv_func_gethostbyaddr=yes
ac_cv_func_socket=yes
ac_cv_header_inttypes_h=yes
ac_cv_header_memory_h=yes
ac_cv_header_pcap_h=yes
ac_cv_header_stdc=yes
ac_cv_header_stdint_h=yes
ac_cv_header_stdlib_h=yes
ac_cv_header_string_h=yes
ac_cv_header_strings_h=yes
ac_cv_header_sys_stat_h=yes
ac_cv_header_sys_types_h=yes
ac_cv_header_unistd_h=yes
ac_cv_host=arm-unknown-none
ac_cv_lib_pcap_pcap_major_version=yes
ac_cv_objext=o
ac_cv_path_EGREP='/usr/bin/grep -E'
ac_cv_path_GREP=/usr/bin/grep
ac_cv_path_install='/usr/bin/install -c'
ac_cv_prog_AWK=gawk
ac_cv_prog_CPP='gcc -E'
ac_cv_prog_ac_ct_CC=gcc
ac_cv_prog_cc_c89=
ac_cv_prog_cc_g=yes
ac_cv_prog_make_make_set=yes
ac_cv_target=arm-unknown-none
am_cv_CC_dependencies_compiler_type=gcc3

## ----------------- ##
## Output variables. ##
## ----------------- ##

ACLOCAL='${SHELL} /home/larrylime/Downloads/tcpurify-0.11.2/config/missing --run aclocal-1.9'
AMDEPBACKSLASH='\'
AMDEP_FALSE='#'
AMDEP_TRUE=''
AMTAR='${SHELL} /home/larrylime/Downloads/tcpurify-0.11.2/config/missing --run tar'
AUTOCONF='${SHELL} /home/larrylime/Downloads/tcpurify-0.11.2/config/missing --run autoconf'
AUTOHEADER='${SHELL} /home/larrylime/Downloads/tcpurify-0.11.2/config/missing --run autoheader'
AUTOMAKE='${SHELL} /home/larrylime/Downloads/tcpurify-0.11.2/config/missing --run automake-1.9'
AWK='gawk'
CC='gcc'
CCDEPMODE='depmode=gcc3'
CFLAGS='-g -O2'
CPP='gcc -E'
CPPFLAGS=''
CYGPATH_W='echo'
DEFS='-DHAVE_CONFIG_H'
DEPDIR='.deps'
ECHO_C=''
ECHO_N='-n'
ECHO_T=''
EGREP='/usr/bin/grep -E'
EXEEXT=''
GREP='/usr/bin/grep'
INSTALL_DATA='${INSTALL} -m 644'
INSTALL_PROGRAM='${INSTALL}'
INSTALL_SCRIPT='${INSTALL}'
INSTALL_STRIP_PROGRAM='${SHELL} $(install_sh) -c -s'
LDFLAGS=''
LIBOBJS=''
LIBS=''
LTLIBOBJS=''
MAKEINFO='${SHELL} /home/larrylime/Downloads/tcpurify-0.11.2/config/missing --run makeinfo'
OBJEXT='o'
PACKAGE='tcpurify'
PACKAGE_BUGREPORT=''
PACKAGE_NAME=''
PACKAGE_STRING=''
PACKAGE_TARNAME=''
PACKAGE_VERSION=''
PATH_SEPARATOR=':'
PCAP_INCLUDES=' -I/usr/include/pcap'
PCAP_LDFLAGS=' -lpcap'
SET_MAKE=''
SHELL='/bin/bash'
STRIP=''
VERSION='0.11.2'
ac_aux_dir='config'
ac_ct_CC='gcc'
am__fastdepCC_FALSE='#'
am__fastdepCC_TRUE=''
am__include='include'
am__leading_dot='.'
am__quote=''
am__tar='${AMTAR} chof - "$$tardir"'
am__untar='${AMTAR} xf -'
bindir='${exec_prefix}/bin'
build='arm-unknown-none'
build_alias='arm'
build_cpu='arm'
build_os='none'
build_vendor='unknown'
datadir='${datarootdir}'
datarootdir='${prefix}/share'
docdir='${datarootdir}/doc/${PACKAGE}'
dvidir='${docdir}'
exec_prefix='${prefix}'
host='arm-unknown-none'
host_alias=''
host_cpu='arm'
host_os='none'
host_vendor='unknown'
htmldir='${docdir}'
includedir='${prefix}/include'
infodir='${datarootdir}/info'
install_sh='/home/larrylime/Downloads/tcpurify-0.11.2/config/install-sh'
libdir='${exec_prefix}/lib'
libexecdir='${exec_prefix}/libexec'
localedir='${datarootdir}/locale'
localstatedir='${prefix}/var'
mandir='${datarootdir}/man'
mkdir_p='mkdir -p --'
oldincludedir='/usr/include'
pdfdir='${docdir}'
prefix='/usr/local'
program_transform_name='s,x,x,'
psdir='${docdir}'
sbindir='${exec_prefix}/sbin'
sharedstatedir='${prefix}/com'
sysconfdir='${prefix}/etc'
target='arm-unknown-none'
target_alias=''
target_cpu='arm'
target_os='none'
target_vendor='unknown'

## ----------- ##
## confdefs.h. ##
## ----------- ##

#define PACKAGE_NAME ""
#define PACKAGE_TARNAME ""
#define PACKAGE_VERSION ""
#define PACKAGE_STRING ""
#define PACKAGE_BUGREPORT ""
#define PACKAGE "tcpurify"
#define VERSION "0.11.2"
#define STDC_HEADERS 1
#define HAVE_SYS_TYPES_H 1
#define HAVE_SYS_STAT_H 1
#define HAVE_STDLIB_H 1
#define HAVE_STRING_H 1
#define HAVE_MEMORY_H 1
#define HAVE_STRINGS_H 1
#define HAVE_INTTYPES_H 1
#define HAVE_STDINT_H 1
#define HAVE_UNISTD_H 1

configure: exit 0
