This file contains any messages produced by compilers while
running configure, to aid debugging if configure makes a mistake.

It was created by tcpmkpub configure 0.1, which was
generated by GNU Autoconf 2.59.  Invocation command line was

  $ ./configure 

## --------- ##
## Platform. ##
## --------- ##

hostname = larrylime-XPS-13-9360
uname -m = x86_64
uname -r = 5.15.0-57-generic
uname -s = Linux
uname -v = #63~20.04.1-Ubuntu SMP Wed Nov 30 13:40:16 UTC 2022

/usr/bin/uname -p = x86_64
/bin/uname -X     = unknown

/bin/arch              = x86_64
/usr/bin/arch -k       = unknown
/usr/convex/getsysinfo = unknown
hostinfo               = unknown
/bin/machine           = unknown
/usr/bin/oslevel       = unknown
/bin/universe          = unknown

PATH: /home/larrylime/.bun/bin
PATH: /home/linuxbrew/.linuxbrew/bin
PATH: /home/linuxbrew/.linuxbrew/sbin
PATH: /home/larrylime/.bun/bin
PATH: /home/linuxbrew/.linuxbrew/bin
PATH: /home/linuxbrew/.linuxbrew/sbin
PATH: /home/larrylime/.cargo/bin
PATH: /home/larrylime/.local/bin
PATH: /usr/local/sbin
PATH: /usr/local/bin
PATH: /usr/sbin
PATH: /usr/bin
PATH: /sbin
PATH: /bin
PATH: /usr/games
PATH: /usr/local/games
PATH: /snap/bin
PATH: /home/larry
PATH: /home/larry/.cargo/bin
PATH: /home/larry
PATH: /home/larry/.cargo/bin


## ----------- ##
## Core tests. ##
## ----------- ##

configure:1331: checking for local-policy
configure:1346: result: yes
configure:1360: checking for local-policy/topology.anon
configure:1375: result: yes
configure:1389: checking for local-policy/scanner.anon
configure:1404: result: yes
configure:1418: checking for local-policy/special.anon
configure:1433: result: yes
configure:1447: checking for local-policy/filter.anon
configure:1462: result: yes
configure:1509: checking build system type
configure:1527: result: x86_64-unknown-linux-gnu
configure:1535: checking host system type
configure:1549: result: x86_64-unknown-linux-gnu
configure:1557: checking target system type
configure:1571: result: x86_64-unknown-linux-gnu
configure:1600: checking for a BSD-compatible install
configure:1655: result: /usr/bin/install -c
configure:1666: checking whether build environment is sane
configure:1709: result: yes
configure:1774: checking for gawk
configure:1803: result: no
configure:1774: checking for mawk
configure:1790: found /usr/bin/mawk
configure:1800: result: mawk
configure:1810: checking whether make sets $(MAKE)
configure:1830: result: yes
configure:2063: checking for g++
configure:2079: found /usr/bin/g++
configure:2089: result: g++
configure:2105: checking for C++ compiler version
configure:2108: g++ --version </dev/null >&5
g++ (Ubuntu 9.4.0-1ubuntu1~20.04.1) 9.4.0
Copyright (C) 2019 Free Software Foundation, Inc.
This is free software; see the source for copying conditions.  There is NO
warranty; not even for MERCHANTABILITY or FITNESS FOR A PARTICULAR PURPOSE.

configure:2111: $? = 0
configure:2113: g++ -v </dev/null >&5
Using built-in specs.
COLLECT_GCC=g++
COLLECT_LTO_WRAPPER=/usr/lib/gcc/x86_64-linux-gnu/9/lto-wrapper
OFFLOAD_TARGET_NAMES=nvptx-none:hsa
OFFLOAD_TARGET_DEFAULT=1
Target: x86_64-linux-gnu
Configured with: ../src/configure -v --with-pkgversion='Ubuntu 9.4.0-1ubuntu1~20.04.1' --with-bugurl=file:///usr/share/doc/gcc-9/README.Bugs --enable-languages=c,ada,c++,go,brig,d,fortran,objc,obj-c++,gm2 --prefix=/usr --with-gcc-major-version-only --program-suffix=-9 --program-prefix=x86_64-linux-gnu- --enable-shared --enable-linker-build-id --libexecdir=/usr/lib --without-included-gettext --enable-threads=posix --libdir=/usr/lib --enable-nls --enable-clocale=gnu --enable-libstdcxx-debug --enable-libstdcxx-time=yes --with-default-libstdcxx-abi=new --enable-gnu-unique-object --disable-vtable-verify --enable-plugin --enable-default-pie --with-system-zlib --with-target-system-zlib=auto --enable-objc-gc=auto --enable-multiarch --disable-werror --with-arch-32=i686 --with-abi=m64 --with-multilib-list=m32,m64,mx32 --enable-multilib --with-tune=generic --enable-offload-targets=nvptx-none=/build/gcc-9-Av3uEd/gcc-9-9.4.0/debian/tmp-nvptx/usr,hsa --without-cuda-driver --enable-checking=release --build=x86_64-linux-gnu --host=x86_64-linux-gnu --target=x86_64-linux-gnu
Thread model: posix
gcc version 9.4.0 (Ubuntu 9.4.0-1ubuntu1~20.04.1) 
configure:2116: $? = 0
configure:2118: g++ -V </dev/null >&5
g++: error: unrecognized command line option '-V'
g++: fatal error: no input files
compilation terminated.
configure:2121: $? = 1
configure:2144: checking for C++ compiler default output file name
configure:2147: g++    conftest.cc  >&5
configure:2150: $? = 0
configure:2196: result: a.out
configure:2201: checking whether the C++ compiler works
configure:2207: ./a.out
configure:2210: $? = 0
configure:2227: result: yes
configure:2234: checking whether we are cross compiling
configure:2236: result: no
configure:2239: checking for suffix of executables
configure:2241: g++ -o conftest    conftest.cc  >&5
configure:2244: $? = 0
configure:2269: result: 
configure:2275: checking for suffix of object files
configure:2296: g++ -c   conftest.cc >&5
configure:2299: $? = 0
configure:2321: result: o
configure:2325: checking whether we are using the GNU C++ compiler
configure:2349: g++ -c   conftest.cc >&5
configure:2355: $? = 0
configure:2359: test -z 
			 || test ! -s conftest.err
configure:2362: $? = 0
configure:2365: test -s conftest.o
configure:2368: $? = 0
configure:2381: result: yes
configure:2387: checking whether g++ accepts -g
configure:2408: g++ -c -g  conftest.cc >&5
configure:2414: $? = 0
configure:2418: test -z 
			 || test ! -s conftest.err
configure:2421: $? = 0
configure:2424: test -s conftest.o
configure:2427: $? = 0
configure:2438: result: yes
configure:2480: g++ -c -g -O2  conftest.cc >&5
In file included from /usr/include/x86_64-linux-gnu/c++/9/bits/os_defines.h:39,
                 from /usr/include/x86_64-linux-gnu/c++/9/bits/c++config.h:528,
                 from /usr/include/c++/9/cstdlib:41,
                 from /usr/include/c++/9/stdlib.h:36,
                 from conftest.cc:19:
/usr/include/features.h:187:3: warning: #warning "_BSD_SOURCE and _SVID_SOURCE are deprecated, use _DEFAULT_SOURCE" [-Wcpp]
  187 | # warning "_BSD_SOURCE and _SVID_SOURCE are deprecated, use _DEFAULT_SOURCE"
      |   ^~~~~~~
configure:2486: $? = 0
configure:2490: test -z 
			 || test ! -s conftest.err
configure:2493: $? = 0
configure:2496: test -s conftest.o
configure:2499: $? = 0
configure:2525: g++ -c -g -O2  conftest.cc >&5
conftest.cc: In function 'int main()':
conftest.cc:22:1: error: 'exit' was not declared in this scope
   22 | exit (42);
      | ^~~~
configure:2531: $? = 1
configure: failed program was:
| /* confdefs.h.  */
| 
| #define PACKAGE_NAME "tcpmkpub"
| #define PACKAGE_TARNAME "tcpmkpub"
| #define PACKAGE_VERSION "0.1"
| #define PACKAGE_STRING "tcpmkpub 0.1"
| #define PACKAGE_BUGREPORT "rpang@cs.princeton.edu"
| #define HAVE_LOCAL_POLICY 1
| #define HAVE_LOCAL_POLICY_TOPOLOGY_ANON 1
| #define HAVE_LOCAL_POLICY_SCANNER_ANON 1
| #define HAVE_LOCAL_POLICY_SPECIAL_ANON 1
| #define HAVE_LOCAL_POLICY_FILTER_ANON 1
| #define PACKAGE "tcpmkpub"
| #define VERSION "0.1"
| #define _BSD_SOURCE 1
| #define __FAVOR_BSD 1
| /* end confdefs.h.  */
| 
| int
| main ()
| {
| exit (42);
|   ;
|   return 0;
| }
configure:2480: g++ -c -g -O2  conftest.cc >&5
In file included from /usr/include/x86_64-linux-gnu/c++/9/bits/os_defines.h:39,
                 from /usr/include/x86_64-linux-gnu/c++/9/bits/c++config.h:528,
                 from /usr/include/c++/9/cstdlib:41,
                 from /usr/include/c++/9/stdlib.h:36,
                 from conftest.cc:19:
/usr/include/features.h:187:3: warning: #warning "_BSD_SOURCE and _SVID_SOURCE are deprecated, use _DEFAULT_SOURCE" [-Wcpp]
  187 | # warning "_BSD_SOURCE and _SVID_SOURCE are deprecated, use _DEFAULT_SOURCE"
      |   ^~~~~~~
configure:2486: $? = 0
configure:2490: test -z 
			 || test ! -s conftest.err
configure:2493: $? = 0
configure:2496: test -s conftest.o
configure:2499: $? = 0
configure:2525: g++ -c -g -O2  conftest.cc >&5
configure:2531: $? = 0
configure:2535: test -z 
			 || test ! -s conftest.err
configure:2538: $? = 0
configure:2541: test -s conftest.o
configure:2544: $? = 0
configure:2578: checking for style of include used by make
configure:2606: result: GNU
configure:2634: checking dependency style of g++
configure:2724: result: gcc3
configure:2787: checking for gcc
configure:2803: found /usr/bin/gcc
configure:2813: result: gcc
configure:3057: checking for C compiler version
configure:3060: gcc --version </dev/null >&5
gcc (Ubuntu 9.4.0-1ubuntu1~20.04.1) 9.4.0
Copyright (C) 2019 Free Software Foundation, Inc.
This is free software; see the source for copying conditions.  There is NO
warranty; not even for MERCHANTABILITY or FITNESS FOR A PARTICULAR PURPOSE.

configure:3063: $? = 0
configure:3065: gcc -v </dev/null >&5
Using built-in specs.
COLLECT_GCC=gcc
COLLECT_LTO_WRAPPER=/usr/lib/gcc/x86_64-linux-gnu/9/lto-wrapper
OFFLOAD_TARGET_NAMES=nvptx-none:hsa
OFFLOAD_TARGET_DEFAULT=1
Target: x86_64-linux-gnu
Configured with: ../src/configure -v --with-pkgversion='Ubuntu 9.4.0-1ubuntu1~20.04.1' --with-bugurl=file:///usr/share/doc/gcc-9/README.Bugs --enable-languages=c,ada,c++,go,brig,d,fortran,objc,obj-c++,gm2 --prefix=/usr --with-gcc-major-version-only --program-suffix=-9 --program-prefix=x86_64-linux-gnu- --enable-shared --enable-linker-build-id --libexecdir=/usr/lib --without-included-gettext --enable-threads=posix --libdir=/usr/lib --enable-nls --enable-clocale=gnu --enable-libstdcxx-debug --enable-libstdcxx-time=yes --with-default-libstdcxx-abi=new --enable-gnu-unique-object --disable-vtable-verify --enable-plugin --enable-default-pie --with-system-zlib --with-target-system-zlib=auto --enable-objc-gc=auto --enable-multiarch --disable-werror --with-arch-32=i686 --with-abi=m64 --with-multilib-list=m32,m64,mx32 --enable-multilib --with-tune=generic --enable-offload-targets=nvptx-none=/build/gcc-9-Av3uEd/gcc-9-9.4.0/debian/tmp-nvptx/usr,hsa --without-cuda-driver --enable-checking=release --build=x86_64-linux-gnu --host=x86_64-linux-gnu --target=x86_64-linux-gnu
Thread model: posix
gcc version 9.4.0 (Ubuntu 9.4.0-1ubuntu1~20.04.1) 
configure:3068: $? = 0
configure:3070: gcc -V </dev/null >&5
gcc: error: unrecognized command line option '-V'
gcc: fatal error: no input files
compilation terminated.
configure:3073: $? = 1
configure:3076: checking whether we are using the GNU C compiler
configure:3100: gcc -c   conftest.c >&5
configure:3106: $? = 0
configure:3110: test -z 
			 || test ! -s conftest.err
configure:3113: $? = 0
configure:3116: test -s conftest.o
configure:3119: $? = 0
configure:3132: result: yes
configure:3138: checking whether gcc accepts -g
configure:3159: gcc -c -g  conftest.c >&5
configure:3165: $? = 0
configure:3169: test -z 
			 || test ! -s conftest.err
configure:3172: $? = 0
configure:3175: test -s conftest.o
configure:3178: $? = 0
configure:3189: result: yes
configure:3206: checking for gcc option to accept ANSI C
configure:3276: gcc  -c -g -O2  conftest.c >&5
In file included from /usr/include/x86_64-linux-gnu/bits/libc-header-start.h:33,
                 from /usr/include/stdio.h:27,
                 from conftest.c:22:
/usr/include/features.h:187:3: warning: #warning "_BSD_SOURCE and _SVID_SOURCE are deprecated, use _DEFAULT_SOURCE" [-Wcpp]
  187 | # warning "_BSD_SOURCE and _SVID_SOURCE are deprecated, use _DEFAULT_SOURCE"
      |   ^~~~~~~
configure:3282: $? = 0
configure:3286: test -z 
			 || test ! -s conftest.err
configure:3289: $? = 0
configure:3292: test -s conftest.o
configure:3295: $? = 0
configure:3313: result: none needed
configure:3331: gcc -c -g -O2  conftest.c >&5
conftest.c:2:3: error: unknown type name 'choke'
    2 |   choke me
      |   ^~~~~
conftest.c:2:3: error: expected '=', ',', ';', 'asm' or '__attribute__' at end of input
configure:3337: $? = 1
configure: failed program was:
| #ifndef __cplusplus
|   choke me
| #endif
configure:3472: checking dependency style of gcc
configure:3562: result: gcc3
configure:3579: checking whether make sets $(MAKE)
configure:3599: result: yes
configure:3612: checking for pcap_open_live in -lpcap
configure:3642: gcc -o conftest -g -O2   conftest.c -lpcap   >&5
configure:3648: $? = 0
configure:3652: test -z 
			 || test ! -s conftest.err
configure:3655: $? = 0
configure:3658: test -s conftest
configure:3661: $? = 0
configure:3674: result: yes
configure:3692: checking how to run the C preprocessor
configure:3727: gcc -E  conftest.c
In file included from /usr/include/x86_64-linux-gnu/bits/libc-header-start.h:33,
                 from /usr/include/limits.h:26,
                 from /usr/lib/gcc/x86_64-linux-gnu/9/include/limits.h:194,
                 from /usr/lib/gcc/x86_64-linux-gnu/9/include/syslimits.h:7,
                 from /usr/lib/gcc/x86_64-linux-gnu/9/include/limits.h:34,
                 from conftest.c:23:
/usr/include/features.h:187:3: warning: #warning "_BSD_SOURCE and _SVID_SOURCE are deprecated, use _DEFAULT_SOURCE" [-Wcpp]
  187 | # warning "_BSD_SOURCE and _SVID_SOURCE are deprecated, use _DEFAULT_SOURCE"
      |   ^~~~~~~
configure:3733: $? = 0
configure:3765: gcc -E  conftest.c
conftest.c:22:10: fatal error: ac_nonexistent.h: No such file or directory
   22 | #include <ac_nonexistent.h>
      |          ^~~~~~~~~~~~~~~~~~
compilation terminated.
configure:3771: $? = 1
configure: failed program was:
| /* confdefs.h.  */
| 
| #define PACKAGE_NAME "tcpmkpub"
| #define PACKAGE_TARNAME "tcpmkpub"
| #define PACKAGE_VERSION "0.1"
| #define PACKAGE_STRING "tcpmkpub 0.1"
| #define PACKAGE_BUGREPORT "rpang@cs.princeton.edu"
| #define HAVE_LOCAL_POLICY 1
| #define HAVE_LOCAL_POLICY_TOPOLOGY_ANON 1
| #define HAVE_LOCAL_POLICY_SCANNER_ANON 1
| #define HAVE_LOCAL_POLICY_SPECIAL_ANON 1
| #define HAVE_LOCAL_POLICY_FILTER_ANON 1
| #define PACKAGE "tcpmkpub"
| #define VERSION "0.1"
| #define _BSD_SOURCE 1
| #define __FAVOR_BSD 1
| #ifdef __cplusplus
| extern "C" void std::exit (int) throw (); using std::exit;
| #endif
| #define HAVE_LIBPCAP 1
| /* end confdefs.h.  */
| #include <ac_nonexistent.h>
configure:3810: result: gcc -E
configure:3834: gcc -E  conftest.c
In file included from /usr/include/x86_64-linux-gnu/bits/libc-header-start.h:33,
                 from /usr/include/limits.h:26,
                 from /usr/lib/gcc/x86_64-linux-gnu/9/include/limits.h:194,
                 from /usr/lib/gcc/x86_64-linux-gnu/9/include/syslimits.h:7,
                 from /usr/lib/gcc/x86_64-linux-gnu/9/include/limits.h:34,
                 from conftest.c:23:
/usr/include/features.h:187:3: warning: #warning "_BSD_SOURCE and _SVID_SOURCE are deprecated, use _DEFAULT_SOURCE" [-Wcpp]
  187 | # warning "_BSD_SOURCE and _SVID_SOURCE are deprecated, use _DEFAULT_SOURCE"
      |   ^~~~~~~
configure:3840: $? = 0
configure:3872: gcc -E  conftest.c
conftest.c:22:10: fatal error: ac_nonexistent.h: No such file or directory
   22 | #include <ac_nonexistent.h>
      |          ^~~~~~~~~~~~~~~~~~
compilation terminated.
configure:3878: $? = 1
configure: failed program was:
| /* confdefs.h.  */
| 
| #define PACKAGE_NAME "tcpmkpub"
| #define PACKAGE_TARNAME "tcpmkpub"
| #define PACKAGE_VERSION "0.1"
| #define PACKAGE_STRING "tcpmkpub 0.1"
| #define PACKAGE_BUGREPORT "rpang@cs.princeton.edu"
| #define HAVE_LOCAL_POLICY 1
| #define HAVE_LOCAL_POLICY_TOPOLOGY_ANON 1
| #define HAVE_LOCAL_POLICY_SCANNER_ANON 1
| #define HAVE_LOCAL_POLICY_SPECIAL_ANON 1
| #define HAVE_LOCAL_POLICY_FILTER_ANON 1
| #define PACKAGE "tcpmkpub"
| #define VERSION "0.1"
| #define _BSD_SOURCE 1
| #define __FAVOR_BSD 1
| #ifdef __cplusplus
| extern "C" void std::exit (int) throw (); using std::exit;
| #endif
| #define HAVE_LIBPCAP 1
| /* end confdefs.h.  */
| #include <ac_nonexistent.h>
configure:3922: checking for egrep
configure:3932: result: grep -E
configure:3937: checking for ANSI C header files
configure:3962: gcc -c -g -O2  conftest.c >&5
In file included from /usr/include/x86_64-linux-gnu/bits/libc-header-start.h:33,
                 from /usr/include/stdlib.h:25,
                 from conftest.c:22:
/usr/include/features.h:187:3: warning: #warning "_BSD_SOURCE and _SVID_SOURCE are deprecated, use _DEFAULT_SOURCE" [-Wcpp]
  187 | # warning "_BSD_SOURCE and _SVID_SOURCE are deprecated, use _DEFAULT_SOURCE"
      |   ^~~~~~~
configure:3968: $? = 0
configure:3972: test -z 
			 || test ! -s conftest.err
configure:3975: $? = 0
configure:3978: test -s conftest.o
configure:3981: $? = 0
In file included from /usr/include/x86_64-linux-gnu/bits/libc-header-start.h:33,
                 from /usr/include/string.h:26,
                 from conftest.c:22:
/usr/include/features.h:187:3: warning: #warning "_BSD_SOURCE and _SVID_SOURCE are deprecated, use _DEFAULT_SOURCE" [-Wcpp]
  187 | # warning "_BSD_SOURCE and _SVID_SOURCE are deprecated, use _DEFAULT_SOURCE"
      |   ^~~~~~~
In file included from /usr/include/x86_64-linux-gnu/bits/libc-header-start.h:33,
                 from /usr/include/stdlib.h:25,
                 from conftest.c:22:
/usr/include/features.h:187:3: warning: #warning "_BSD_SOURCE and _SVID_SOURCE are deprecated, use _DEFAULT_SOURCE" [-Wcpp]
  187 | # warning "_BSD_SOURCE and _SVID_SOURCE are deprecated, use _DEFAULT_SOURCE"
      |   ^~~~~~~
configure:4070: gcc -o conftest -g -O2   conftest.c -lpcap  >&5
In file included from /usr/include/ctype.h:25,
                 from conftest.c:22:
/usr/include/features.h:187:3: warning: #warning "_BSD_SOURCE and _SVID_SOURCE are deprecated, use _DEFAULT_SOURCE" [-Wcpp]
  187 | # warning "_BSD_SOURCE and _SVID_SOURCE are deprecated, use _DEFAULT_SOURCE"
      |   ^~~~~~~
conftest.c: In function 'main':
conftest.c:39:7: warning: implicit declaration of function 'exit' [-Wimplicit-function-declaration]
   39 |       exit(2);
      |       ^~~~
conftest.c:39:7: warning: incompatible implicit declaration of built-in function 'exit'
conftest.c:23:1: note: include '<stdlib.h>' or provide a declaration of 'exit'
   22 | #include <ctype.h>
  +++ |+#include <stdlib.h>
   23 | #if ((' ' & 0x0FF) == 0x020)
conftest.c:40:3: warning: incompatible implicit declaration of built-in function 'exit'
   40 |   exit (0);
      |   ^~~~
conftest.c:40:3: note: include '<stdlib.h>' or provide a declaration of 'exit'
configure:4073: $? = 0
configure:4075: ./conftest
configure:4078: $? = 0
configure:4093: result: yes
configure:4117: checking for sys/types.h
configure:4133: gcc -c -g -O2  conftest.c >&5
In file included from /usr/include/x86_64-linux-gnu/bits/libc-header-start.h:33,
                 from /usr/include/stdio.h:27,
                 from conftest.c:23:
/usr/include/features.h:187:3: warning: #warning "_BSD_SOURCE and _SVID_SOURCE are deprecated, use _DEFAULT_SOURCE" [-Wcpp]
  187 | # warning "_BSD_SOURCE and _SVID_SOURCE are deprecated, use _DEFAULT_SOURCE"
      |   ^~~~~~~
configure:4139: $? = 0
configure:4143: test -z 
			 || test ! -s conftest.err
configure:4146: $? = 0
configure:4149: test -s conftest.o
configure:4152: $? = 0
configure:4163: result: yes
configure:4117: checking for sys/stat.h
configure:4133: gcc -c -g -O2  conftest.c >&5
In file included from /usr/include/x86_64-linux-gnu/bits/libc-header-start.h:33,
                 from /usr/include/stdio.h:27,
                 from conftest.c:24:
/usr/include/features.h:187:3: warning: #warning "_BSD_SOURCE and _SVID_SOURCE are deprecated, use _DEFAULT_SOURCE" [-Wcpp]
  187 | # warning "_BSD_SOURCE and _SVID_SOURCE are deprecated, use _DEFAULT_SOURCE"
      |   ^~~~~~~
configure:4139: $? = 0
configure:4143: test -z 
			 || test ! -s conftest.err
configure:4146: $? = 0
configure:4149: test -s conftest.o
configure:4152: $? = 0
configure:4163: result: yes
configure:4117: checking for stdlib.h
configure:4133: gcc -c -g -O2  conftest.c >&5
In file included from /usr/include/x86_64-linux-gnu/bits/libc-header-start.h:33,
                 from /usr/include/stdio.h:27,
                 from conftest.c:25:
/usr/include/features.h:187:3: warning: #warning "_BSD_SOURCE and _SVID_SOURCE are deprecated, use _DEFAULT_SOURCE" [-Wcpp]
  187 | # warning "_BSD_SOURCE and _SVID_SOURCE are deprecated, use _DEFAULT_SOURCE"
      |   ^~~~~~~
configure:4139: $? = 0
configure:4143: test -z 
			 || test ! -s conftest.err
configure:4146: $? = 0
configure:4149: test -s conftest.o
configure:4152: $? = 0
configure:4163: result: yes
configure:4117: checking for string.h
configure:4133: gcc -c -g -O2  conftest.c >&5
In file included from /usr/include/x86_64-linux-gnu/bits/libc-header-start.h:33,
                 from /usr/include/stdio.h:27,
                 from conftest.c:26:
/usr/include/features.h:187:3: warning: #warning "_BSD_SOURCE and _SVID_SOURCE are deprecated, use _DEFAULT_SOURCE" [-Wcpp]
  187 | # warning "_BSD_SOURCE and _SVID_SOURCE are deprecated, use _DEFAULT_SOURCE"
      |   ^~~~~~~
configure:4139: $? = 0
configure:4143: test -z 
			 || test ! -s conftest.err
configure:4146: $? = 0
configure:4149: test -s conftest.o
configure:4152: $? = 0
configure:4163: result: yes
configure:4117: checking for memory.h
configure:4133: gcc -c -g -O2  conftest.c >&5
In file included from /usr/include/x86_64-linux-gnu/bits/libc-header-start.h:33,
                 from /usr/include/stdio.h:27,
                 from conftest.c:27:
/usr/include/features.h:187:3: warning: #warning "_BSD_SOURCE and _SVID_SOURCE are deprecated, use _DEFAULT_SOURCE" [-Wcpp]
  187 | # warning "_BSD_SOURCE and _SVID_SOURCE are deprecated, use _DEFAULT_SOURCE"
      |   ^~~~~~~
configure:4139: $? = 0
configure:4143: test -z 
			 || test ! -s conftest.err
configure:4146: $? = 0
configure:4149: test -s conftest.o
configure:4152: $? = 0
configure:4163: result: yes
configure:4117: checking for strings.h
configure:4133: gcc -c -g -O2  conftest.c >&5
In file included from /usr/include/x86_64-linux-gnu/bits/libc-header-start.h:33,
                 from /usr/include/stdio.h:27,
                 from conftest.c:28:
/usr/include/features.h:187:3: warning: #warning "_BSD_SOURCE and _SVID_SOURCE are deprecated, use _DEFAULT_SOURCE" [-Wcpp]
  187 | # warning "_BSD_SOURCE and _SVID_SOURCE are deprecated, use _DEFAULT_SOURCE"
      |   ^~~~~~~
configure:4139: $? = 0
configure:4143: test -z 
			 || test ! -s conftest.err
configure:4146: $? = 0
configure:4149: test -s conftest.o
configure:4152: $? = 0
configure:4163: result: yes
configure:4117: checking for inttypes.h
configure:4133: gcc -c -g -O2  conftest.c >&5
In file included from /usr/include/x86_64-linux-gnu/bits/libc-header-start.h:33,
                 from /usr/include/stdio.h:27,
                 from conftest.c:29:
/usr/include/features.h:187:3: warning: #warning "_BSD_SOURCE and _SVID_SOURCE are deprecated, use _DEFAULT_SOURCE" [-Wcpp]
  187 | # warning "_BSD_SOURCE and _SVID_SOURCE are deprecated, use _DEFAULT_SOURCE"
      |   ^~~~~~~
configure:4139: $? = 0
configure:4143: test -z 
			 || test ! -s conftest.err
configure:4146: $? = 0
configure:4149: test -s conftest.o
configure:4152: $? = 0
configure:4163: result: yes
configure:4117: checking for stdint.h
configure:4133: gcc -c -g -O2  conftest.c >&5
In file included from /usr/include/x86_64-linux-gnu/bits/libc-header-start.h:33,
                 from /usr/include/stdio.h:27,
                 from conftest.c:30:
/usr/include/features.h:187:3: warning: #warning "_BSD_SOURCE and _SVID_SOURCE are deprecated, use _DEFAULT_SOURCE" [-Wcpp]
  187 | # warning "_BSD_SOURCE and _SVID_SOURCE are deprecated, use _DEFAULT_SOURCE"
      |   ^~~~~~~
configure:4139: $? = 0
configure:4143: test -z 
			 || test ! -s conftest.err
configure:4146: $? = 0
configure:4149: test -s conftest.o
configure:4152: $? = 0
configure:4163: result: yes
configure:4117: checking for unistd.h
configure:4133: gcc -c -g -O2  conftest.c >&5
In file included from /usr/include/x86_64-linux-gnu/bits/libc-header-start.h:33,
                 from /usr/include/stdio.h:27,
                 from conftest.c:31:
/usr/include/features.h:187:3: warning: #warning "_BSD_SOURCE and _SVID_SOURCE are deprecated, use _DEFAULT_SOURCE" [-Wcpp]
  187 | # warning "_BSD_SOURCE and _SVID_SOURCE are deprecated, use _DEFAULT_SOURCE"
      |   ^~~~~~~
configure:4139: $? = 0
configure:4143: test -z 
			 || test ! -s conftest.err
configure:4146: $? = 0
configure:4149: test -s conftest.o
configure:4152: $? = 0
configure:4163: result: yes
configure:4195: checking fcntl.h usability
configure:4207: gcc -c -g -O2  conftest.c >&5
In file included from /usr/include/x86_64-linux-gnu/bits/libc-header-start.h:33,
                 from /usr/include/stdio.h:27,
                 from conftest.c:32:
/usr/include/features.h:187:3: warning: #warning "_BSD_SOURCE and _SVID_SOURCE are deprecated, use _DEFAULT_SOURCE" [-Wcpp]
  187 | # warning "_BSD_SOURCE and _SVID_SOURCE are deprecated, use _DEFAULT_SOURCE"
      |   ^~~~~~~
configure:4213: $? = 0
configure:4217: test -z 
			 || test ! -s conftest.err
configure:4220: $? = 0
configure:4223: test -s conftest.o
configure:4226: $? = 0
configure:4236: result: yes
configure:4240: checking fcntl.h presence
configure:4250: gcc -E  conftest.c
In file included from /usr/include/fcntl.h:25,
                 from conftest.c:32:
/usr/include/features.h:187:3: warning: #warning "_BSD_SOURCE and _SVID_SOURCE are deprecated, use _DEFAULT_SOURCE" [-Wcpp]
  187 | # warning "_BSD_SOURCE and _SVID_SOURCE are deprecated, use _DEFAULT_SOURCE"
      |   ^~~~~~~
configure:4256: $? = 0
configure:4276: result: yes
configure:4311: checking for fcntl.h
configure:4318: result: yes
configure:4195: checking netinet/in.h usability
configure:4207: gcc -c -g -O2  conftest.c >&5
In file included from /usr/include/x86_64-linux-gnu/bits/libc-header-start.h:33,
                 from /usr/include/stdio.h:27,
                 from conftest.c:33:
/usr/include/features.h:187:3: warning: #warning "_BSD_SOURCE and _SVID_SOURCE are deprecated, use _DEFAULT_SOURCE" [-Wcpp]
  187 | # warning "_BSD_SOURCE and _SVID_SOURCE are deprecated, use _DEFAULT_SOURCE"
      |   ^~~~~~~
configure:4213: $? = 0
configure:4217: test -z 
			 || test ! -s conftest.err
configure:4220: $? = 0
configure:4223: test -s conftest.o
configure:4226: $? = 0
configure:4236: result: yes
configure:4240: checking netinet/in.h presence
configure:4250: gcc -E  conftest.c
In file included from /usr/include/netinet/in.h:21,
                 from conftest.c:33:
/usr/include/features.h:187:3: warning: #warning "_BSD_SOURCE and _SVID_SOURCE are deprecated, use _DEFAULT_SOURCE" [-Wcpp]
  187 | # warning "_BSD_SOURCE and _SVID_SOURCE are deprecated, use _DEFAULT_SOURCE"
      |   ^~~~~~~
configure:4256: $? = 0
configure:4276: result: yes
configure:4311: checking for netinet/in.h
configure:4318: result: yes
configure:4186: checking for stdlib.h
configure:4191: result: yes
configure:4186: checking for string.h
configure:4191: result: yes
configure:4195: checking sys/param.h usability
configure:4207: gcc -c -g -O2  conftest.c >&5
In file included from /usr/include/x86_64-linux-gnu/bits/libc-header-start.h:33,
                 from /usr/include/stdio.h:27,
                 from conftest.c:36:
/usr/include/features.h:187:3: warning: #warning "_BSD_SOURCE and _SVID_SOURCE are deprecated, use _DEFAULT_SOURCE" [-Wcpp]
  187 | # warning "_BSD_SOURCE and _SVID_SOURCE are deprecated, use _DEFAULT_SOURCE"
      |   ^~~~~~~
configure:4213: $? = 0
configure:4217: test -z 
			 || test ! -s conftest.err
configure:4220: $? = 0
configure:4223: test -s conftest.o
configure:4226: $? = 0
configure:4236: result: yes
configure:4240: checking sys/param.h presence
configure:4250: gcc -E  conftest.c
In file included from /usr/include/x86_64-linux-gnu/sys/types.h:25,
                 from /usr/include/x86_64-linux-gnu/sys/param.h:25,
                 from conftest.c:36:
/usr/include/features.h:187:3: warning: #warning "_BSD_SOURCE and _SVID_SOURCE are deprecated, use _DEFAULT_SOURCE" [-Wcpp]
  187 | # warning "_BSD_SOURCE and _SVID_SOURCE are deprecated, use _DEFAULT_SOURCE"
      |   ^~~~~~~
configure:4256: $? = 0
configure:4276: result: yes
configure:4311: checking for sys/param.h
configure:4318: result: yes
configure:4195: checking sys/time.h usability
configure:4207: gcc -c -g -O2  conftest.c >&5
In file included from /usr/include/x86_64-linux-gnu/bits/libc-header-start.h:33,
                 from /usr/include/stdio.h:27,
                 from conftest.c:37:
/usr/include/features.h:187:3: warning: #warning "_BSD_SOURCE and _SVID_SOURCE are deprecated, use _DEFAULT_SOURCE" [-Wcpp]
  187 | # warning "_BSD_SOURCE and _SVID_SOURCE are deprecated, use _DEFAULT_SOURCE"
      |   ^~~~~~~
configure:4213: $? = 0
configure:4217: test -z 
			 || test ! -s conftest.err
configure:4220: $? = 0
configure:4223: test -s conftest.o
configure:4226: $? = 0
configure:4236: result: yes
configure:4240: checking sys/time.h presence
configure:4250: gcc -E  conftest.c
In file included from /usr/include/x86_64-linux-gnu/sys/time.h:21,
                 from conftest.c:37:
/usr/include/features.h:187:3: warning: #warning "_BSD_SOURCE and _SVID_SOURCE are deprecated, use _DEFAULT_SOURCE" [-Wcpp]
  187 | # warning "_BSD_SOURCE and _SVID_SOURCE are deprecated, use _DEFAULT_SOURCE"
      |   ^~~~~~~
configure:4256: $? = 0
configure:4276: result: yes
configure:4311: checking for sys/time.h
configure:4318: result: yes
configure:4186: checking for unistd.h
configure:4191: result: yes
configure:4333: checking for stdbool.h that conforms to C99
configure:4386: gcc -c -g -O2  conftest.c >&5
conftest.c:65:2: warning: variably modified 'd' at file scope
   65 |  char d[(bool) -0.5 == true ? 1 : -1];
      |  ^~~~
conftest.c:67:2: warning: variably modified 'f' at file scope
   67 |  char f[(_Bool) -0.0 == false ? 1 : -1];
      |  ^~~~
configure:4392: $? = 0
configure:4396: test -z 
			 || test ! -s conftest.err
configure:4399: $? = 0
configure:4402: test -s conftest.o
configure:4405: $? = 0
configure:4416: result: yes
configure:4418: checking for _Bool
configure:4442: gcc -c -g -O2  conftest.c >&5
In file included from /usr/include/x86_64-linux-gnu/bits/libc-header-start.h:33,
                 from /usr/include/stdio.h:27,
                 from conftest.c:39:
/usr/include/features.h:187:3: warning: #warning "_BSD_SOURCE and _SVID_SOURCE are deprecated, use _DEFAULT_SOURCE" [-Wcpp]
  187 | # warning "_BSD_SOURCE and _SVID_SOURCE are deprecated, use _DEFAULT_SOURCE"
      |   ^~~~~~~
configure:4448: $? = 0
configure:4452: test -z 
			 || test ! -s conftest.err
configure:4455: $? = 0
configure:4458: test -s conftest.o
configure:4461: $? = 0
configure:4472: result: yes
configure:4491: checking for an ANSI C-conforming const
configure:4558: gcc -c -g -O2  conftest.c >&5
configure:4564: $? = 0
configure:4568: test -z 
			 || test ! -s conftest.err
configure:4571: $? = 0
configure:4574: test -s conftest.o
configure:4577: $? = 0
configure:4588: result: yes
configure:4598: checking for inline
configure:4619: gcc -c -g -O2  conftest.c >&5
configure:4625: $? = 0
configure:4629: test -z 
			 || test ! -s conftest.err
configure:4632: $? = 0
configure:4635: test -s conftest.o
configure:4638: $? = 0
configure:4650: result: inline
configure:4669: checking for size_t
configure:4693: gcc -c -g -O2  conftest.c >&5
In file included from /usr/include/x86_64-linux-gnu/bits/libc-header-start.h:33,
                 from /usr/include/stdio.h:27,
                 from conftest.c:41:
/usr/include/features.h:187:3: warning: #warning "_BSD_SOURCE and _SVID_SOURCE are deprecated, use _DEFAULT_SOURCE" [-Wcpp]
  187 | # warning "_BSD_SOURCE and _SVID_SOURCE are deprecated, use _DEFAULT_SOURCE"
      |   ^~~~~~~
configure:4699: $? = 0
configure:4703: test -z 
			 || test ! -s conftest.err
configure:4706: $? = 0
configure:4709: test -s conftest.o
configure:4712: $? = 0
configure:4723: result: yes
configure:4737: checking for working memcmp
configure:4785: gcc -o conftest -g -O2   conftest.c -lpcap  >&5
In file included from /usr/include/x86_64-linux-gnu/bits/libc-header-start.h:33,
                 from /usr/include/stdio.h:27,
                 from conftest.c:41:
/usr/include/features.h:187:3: warning: #warning "_BSD_SOURCE and _SVID_SOURCE are deprecated, use _DEFAULT_SOURCE" [-Wcpp]
  187 | # warning "_BSD_SOURCE and _SVID_SOURCE are deprecated, use _DEFAULT_SOURCE"
      |   ^~~~~~~
configure:4788: $? = 0
configure:4790: ./conftest
configure:4793: $? = 0
configure:4807: result: yes
configure:4822: checking for vprintf
configure:4879: gcc -o conftest -g -O2   conftest.c -lpcap  >&5
In file included from /usr/include/x86_64-linux-gnu/bits/libc-header-start.h:33,
                 from /usr/include/limits.h:26,
                 from /usr/lib/gcc/x86_64-linux-gnu/9/include/limits.h:194,
                 from /usr/lib/gcc/x86_64-linux-gnu/9/include/syslimits.h:7,
                 from /usr/lib/gcc/x86_64-linux-gnu/9/include/limits.h:34,
                 from conftest.c:51:
/usr/include/features.h:187:3: warning: #warning "_BSD_SOURCE and _SVID_SOURCE are deprecated, use _DEFAULT_SOURCE" [-Wcpp]
  187 | # warning "_BSD_SOURCE and _SVID_SOURCE are deprecated, use _DEFAULT_SOURCE"
      |   ^~~~~~~
conftest.c:65:6: warning: conflicting types for built-in function 'vprintf'; expected 'int(const char *, __va_list_tag *)' [-Wbuiltin-declaration-mismatch]
   65 | char vprintf ();
      |      ^~~~~~~
conftest.c:52:1: note: 'vprintf' is declared in header '<stdio.h>'
   51 | # include <limits.h>
   52 | #else
configure:4885: $? = 0
configure:4889: test -z 
			 || test ! -s conftest.err
configure:4892: $? = 0
configure:4895: test -s conftest
configure:4898: $? = 0
configure:4910: result: yes
configure:4917: checking for _doprnt
configure:4974: gcc -o conftest -g -O2   conftest.c -lpcap  >&5
In file included from /usr/include/x86_64-linux-gnu/bits/libc-header-start.h:33,
                 from /usr/include/limits.h:26,
                 from /usr/lib/gcc/x86_64-linux-gnu/9/include/limits.h:194,
                 from /usr/lib/gcc/x86_64-linux-gnu/9/include/syslimits.h:7,
                 from /usr/lib/gcc/x86_64-linux-gnu/9/include/limits.h:34,
                 from conftest.c:52:
/usr/include/features.h:187:3: warning: #warning "_BSD_SOURCE and _SVID_SOURCE are deprecated, use _DEFAULT_SOURCE" [-Wcpp]
  187 | # warning "_BSD_SOURCE and _SVID_SOURCE are deprecated, use _DEFAULT_SOURCE"
      |   ^~~~~~~
/usr/bin/ld: /tmp/ccKT7Hde.o: in function `main':
/home/larrylime/Research/packet-trace-research/tcpmkpub-0.1/conftest.c:82: undefined reference to `_doprnt'
/usr/bin/ld: /tmp/ccKT7Hde.o:/home/larrylime/Research/packet-trace-research/tcpmkpub-0.1/conftest.c:73: undefined reference to `_doprnt'
collect2: error: ld returned 1 exit status
configure:4980: $? = 1
configure: failed program was:
| /* confdefs.h.  */
| 
| #define PACKAGE_NAME "tcpmkpub"
| #define PACKAGE_TARNAME "tcpmkpub"
| #define PACKAGE_VERSION "0.1"
| #define PACKAGE_STRING "tcpmkpub 0.1"
| #define PACKAGE_BUGREPORT "rpang@cs.princeton.edu"
| #define HAVE_LOCAL_POLICY 1
| #define HAVE_LOCAL_POLICY_TOPOLOGY_ANON 1
| #define HAVE_LOCAL_POLICY_SCANNER_ANON 1
| #define HAVE_LOCAL_POLICY_SPECIAL_ANON 1
| #define HAVE_LOCAL_POLICY_FILTER_ANON 1
| #define PACKAGE "tcpmkpub"
| #define VERSION "0.1"
| #define _BSD_SOURCE 1
| #define __FAVOR_BSD 1
| #ifdef __cplusplus
| extern "C" void std::exit (int) throw (); using std::exit;
| #endif
| #define HAVE_LIBPCAP 1
| #define STDC_HEADERS 1
| #define HAVE_SYS_TYPES_H 1
| #define HAVE_SYS_STAT_H 1
| #define HAVE_STDLIB_H 1
| #define HAVE_STRING_H 1
| #define HAVE_MEMORY_H 1
| #define HAVE_STRINGS_H 1
| #define HAVE_INTTYPES_H 1
| #define HAVE_STDINT_H 1
| #define HAVE_UNISTD_H 1
| #define HAVE_FCNTL_H 1
| #define HAVE_NETINET_IN_H 1
| #define HAVE_STDLIB_H 1
| #define HAVE_STRING_H 1
| #define HAVE_SYS_PARAM_H 1
| #define HAVE_SYS_TIME_H 1
| #define HAVE_UNISTD_H 1
| #define HAVE__BOOL 1
| #define HAVE_STDBOOL_H 1
| #define HAVE_VPRINTF 1
| /* end confdefs.h.  */
| /* Define _doprnt to an innocuous variant, in case <limits.h> declares _doprnt.
|    For example, HP-UX 11i <limits.h> declares gettimeofday.  */
| #define _doprnt innocuous__doprnt
| 
| /* System header to define __stub macros and hopefully few prototypes,
|     which can conflict with char _doprnt (); below.
|     Prefer <limits.h> to <assert.h> if __STDC__ is defined, since
|     <limits.h> exists even on freestanding compilers.  */
| 
| #ifdef __STDC__
| # include <limits.h>
| #else
| # include <assert.h>
| #endif
| 
| #undef _doprnt
| 
| /* Override any gcc2 internal prototype to avoid an error.  */
| #ifdef __cplusplus
| extern "C"
| {
| #endif
| /* We use char because int might match the return type of a gcc2
|    builtin and then its argument prototype would still apply.  */
| char _doprnt ();
| /* The GNU C library defines this for functions which it implements
|     to always fail with ENOSYS.  Some functions are actually named
|     something starting with __ and the normal name is an alias.  */
| #if defined (__stub__doprnt) || defined (__stub____doprnt)
| choke me
| #else
| char (*f) () = _doprnt;
| #endif
| #ifdef __cplusplus
| }
| #endif
| 
| int
| main ()
| {
| return f != _doprnt;
|   ;
|   return 0;
| }
configure:5005: result: no
configure:5026: checking for bzero
configure:5083: gcc -o conftest -g -O2   conftest.c -lpcap  >&5
In file included from /usr/include/x86_64-linux-gnu/bits/libc-header-start.h:33,
                 from /usr/include/limits.h:26,
                 from /usr/lib/gcc/x86_64-linux-gnu/9/include/limits.h:194,
                 from /usr/lib/gcc/x86_64-linux-gnu/9/include/syslimits.h:7,
                 from /usr/lib/gcc/x86_64-linux-gnu/9/include/limits.h:34,
                 from conftest.c:52:
/usr/include/features.h:187:3: warning: #warning "_BSD_SOURCE and _SVID_SOURCE are deprecated, use _DEFAULT_SOURCE" [-Wcpp]
  187 | # warning "_BSD_SOURCE and _SVID_SOURCE are deprecated, use _DEFAULT_SOURCE"
      |   ^~~~~~~
conftest.c:66:6: warning: conflicting types for built-in function 'bzero'; expected 'void(void *, long unsigned int)' [-Wbuiltin-declaration-mismatch]
   66 | char bzero ();
      |      ^~~~~
configure:5089: $? = 0
configure:5093: test -z 
			 || test ! -s conftest.err
configure:5096: $? = 0
configure:5099: test -s conftest
configure:5102: $? = 0
configure:5114: result: yes
configure:5026: checking for memset
configure:5083: gcc -o conftest -g -O2   conftest.c -lpcap  >&5
In file included from /usr/include/x86_64-linux-gnu/bits/libc-header-start.h:33,
                 from /usr/include/limits.h:26,
                 from /usr/lib/gcc/x86_64-linux-gnu/9/include/limits.h:194,
                 from /usr/lib/gcc/x86_64-linux-gnu/9/include/syslimits.h:7,
                 from /usr/lib/gcc/x86_64-linux-gnu/9/include/limits.h:34,
                 from conftest.c:53:
/usr/include/features.h:187:3: warning: #warning "_BSD_SOURCE and _SVID_SOURCE are deprecated, use _DEFAULT_SOURCE" [-Wcpp]
  187 | # warning "_BSD_SOURCE and _SVID_SOURCE are deprecated, use _DEFAULT_SOURCE"
      |   ^~~~~~~
conftest.c:67:6: warning: conflicting types for built-in function 'memset'; expected 'void *(void *, int,  long unsigned int)' [-Wbuiltin-declaration-mismatch]
   67 | char memset ();
      |      ^~~~~~
conftest.c:54:1: note: 'memset' is declared in header '<string.h>'
   53 | # include <limits.h>
   54 | #else
configure:5089: $? = 0
configure:5093: test -z 
			 || test ! -s conftest.err
configure:5096: $? = 0
configure:5099: test -s conftest
configure:5102: $? = 0
configure:5114: result: yes
configure:5026: checking for strdup
configure:5083: gcc -o conftest -g -O2   conftest.c -lpcap  >&5
In file included from /usr/include/x86_64-linux-gnu/bits/libc-header-start.h:33,
                 from /usr/include/limits.h:26,
                 from /usr/lib/gcc/x86_64-linux-gnu/9/include/limits.h:194,
                 from /usr/lib/gcc/x86_64-linux-gnu/9/include/syslimits.h:7,
                 from /usr/lib/gcc/x86_64-linux-gnu/9/include/limits.h:34,
                 from conftest.c:54:
/usr/include/features.h:187:3: warning: #warning "_BSD_SOURCE and _SVID_SOURCE are deprecated, use _DEFAULT_SOURCE" [-Wcpp]
  187 | # warning "_BSD_SOURCE and _SVID_SOURCE are deprecated, use _DEFAULT_SOURCE"
      |   ^~~~~~~
conftest.c:68:6: warning: conflicting types for built-in function 'strdup'; expected 'char *(const char *)' [-Wbuiltin-declaration-mismatch]
   68 | char strdup ();
      |      ^~~~~~
configure:5089: $? = 0
configure:5093: test -z 
			 || test ! -s conftest.err
configure:5096: $? = 0
configure:5099: test -s conftest
configure:5102: $? = 0
configure:5114: result: yes
configure:5026: checking for strstr
configure:5083: gcc -o conftest -g -O2   conftest.c -lpcap  >&5
In file included from /usr/include/x86_64-linux-gnu/bits/libc-header-start.h:33,
                 from /usr/include/limits.h:26,
                 from /usr/lib/gcc/x86_64-linux-gnu/9/include/limits.h:194,
                 from /usr/lib/gcc/x86_64-linux-gnu/9/include/syslimits.h:7,
                 from /usr/lib/gcc/x86_64-linux-gnu/9/include/limits.h:34,
                 from conftest.c:55:
/usr/include/features.h:187:3: warning: #warning "_BSD_SOURCE and _SVID_SOURCE are deprecated, use _DEFAULT_SOURCE" [-Wcpp]
  187 | # warning "_BSD_SOURCE and _SVID_SOURCE are deprecated, use _DEFAULT_SOURCE"
      |   ^~~~~~~
conftest.c:69:6: warning: conflicting types for built-in function 'strstr'; expected 'char *(const char *, const char *)' [-Wbuiltin-declaration-mismatch]
   69 | char strstr ();
      |      ^~~~~~
conftest.c:56:1: note: 'strstr' is declared in header '<string.h>'
   55 | # include <limits.h>
   56 | #else
configure:5089: $? = 0
configure:5093: test -z 
			 || test ! -s conftest.err
configure:5096: $? = 0
configure:5099: test -s conftest
configure:5102: $? = 0
configure:5114: result: yes
configure:5243: creating ./config.status

## ---------------------- ##
## Running config.status. ##
## ---------------------- ##

This file was extended by tcpmkpub config.status 0.1, which was
generated by GNU Autoconf 2.59.  Invocation command line was

  CONFIG_FILES    = 
  CONFIG_HEADERS  = 
  CONFIG_LINKS    = 
  CONFIG_COMMANDS = 
  $ ./config.status 

on larrylime-XPS-13-9360

config.status:694: creating Makefile
config.status:694: creating src/Makefile
config.status:798: creating config.h
config.status:1146: executing depfiles commands

## ---------------- ##
## Cache variables. ##
## ---------------- ##

ac_cv_build=x86_64-unknown-linux-gnu
ac_cv_build_alias=x86_64-unknown-linux-gnu
ac_cv_c_compiler_gnu=yes
ac_cv_c_const=yes
ac_cv_c_inline=inline
ac_cv_cxx_compiler_gnu=yes
ac_cv_env_CC_set=
ac_cv_env_CC_value=
ac_cv_env_CFLAGS_set=
ac_cv_env_CFLAGS_value=
ac_cv_env_CPPFLAGS_set=
ac_cv_env_CPPFLAGS_value=
ac_cv_env_CPP_set=
ac_cv_env_CPP_value=
ac_cv_env_CXXFLAGS_set=
ac_cv_env_CXXFLAGS_value=
ac_cv_env_CXX_set=
ac_cv_env_CXX_value=
ac_cv_env_LDFLAGS_set=
ac_cv_env_LDFLAGS_value=
ac_cv_env_build_alias_set=
ac_cv_env_build_alias_value=
ac_cv_env_host_alias_set=
ac_cv_env_host_alias_value=
ac_cv_env_target_alias_set=
ac_cv_env_target_alias_value=
ac_cv_exeext=
ac_cv_file_local_policy=yes
ac_cv_file_local_policy_filter_anon=yes
ac_cv_file_local_policy_scanner_anon=yes
ac_cv_file_local_policy_special_anon=yes
ac_cv_file_local_policy_topology_anon=yes
ac_cv_func__doprnt=no
ac_cv_func_bzero=yes
ac_cv_func_memcmp_working=yes
ac_cv_func_memset=yes
ac_cv_func_strdup=yes
ac_cv_func_strstr=yes
ac_cv_func_vprintf=yes
ac_cv_header_fcntl_h=yes
ac_cv_header_inttypes_h=yes
ac_cv_header_memory_h=yes
ac_cv_header_netinet_in_h=yes
ac_cv_header_stdbool_h=yes
ac_cv_header_stdc=yes
ac_cv_header_stdint_h=yes
ac_cv_header_stdlib_h=yes
ac_cv_header_string_h=yes
ac_cv_header_strings_h=yes
ac_cv_header_sys_param_h=yes
ac_cv_header_sys_stat_h=yes
ac_cv_header_sys_time_h=yes
ac_cv_header_sys_types_h=yes
ac_cv_header_unistd_h=yes
ac_cv_host=x86_64-unknown-linux-gnu
ac_cv_host_alias=x86_64-unknown-linux-gnu
ac_cv_lib_pcap_pcap_open_live=yes
ac_cv_objext=o
ac_cv_path_install='/usr/bin/install -c'
ac_cv_prog_AWK=mawk
ac_cv_prog_CPP='gcc -E'
ac_cv_prog_ac_ct_CC=gcc
ac_cv_prog_ac_ct_CXX=g++
ac_cv_prog_cc_g=yes
ac_cv_prog_cc_stdc=
ac_cv_prog_cxx_g=yes
ac_cv_prog_egrep='grep -E'
ac_cv_prog_make_make_set=yes
ac_cv_target=x86_64-unknown-linux-gnu
ac_cv_target_alias=x86_64-unknown-linux-gnu
ac_cv_type__Bool=yes
ac_cv_type_size_t=yes
am_cv_CC_dependencies_compiler_type=gcc3
am_cv_CXX_dependencies_compiler_type=gcc3

## ----------------- ##
## Output variables. ##
## ----------------- ##

ACLOCAL='${SHELL} /home/larrylime/Research/packet-trace-research/tcpmkpub-0.1/missing --run aclocal-1.9'
AMDEPBACKSLASH='\'
AMDEP_FALSE='#'
AMDEP_TRUE=''
AMTAR='${SHELL} /home/larrylime/Research/packet-trace-research/tcpmkpub-0.1/missing --run tar'
AUTOCONF='${SHELL} /home/larrylime/Research/packet-trace-research/tcpmkpub-0.1/missing --run autoconf'
AUTOHEADER='${SHELL} /home/larrylime/Research/packet-trace-research/tcpmkpub-0.1/missing --run autoheader'
AUTOMAKE='${SHELL} /home/larrylime/Research/packet-trace-research/tcpmkpub-0.1/missing --run automake-1.9'
AWK='mawk'
CC='gcc'
CCDEPMODE='depmode=gcc3'
CFLAGS='-g -O2'
CPP='gcc -E'
CPPFLAGS=''
CXX='g++'
CXXDEPMODE='depmode=gcc3'
CXXFLAGS='-g -O2'
CYGPATH_W='echo'
DEFS='-DHAVE_CONFIG_H'
DEPDIR='.deps'
ECHO_C=''
ECHO_N='-n'
ECHO_T=''
EGREP='grep -E'
EXEEXT=''
INSTALL_DATA='${INSTALL} -m 644'
INSTALL_PROGRAM='${INSTALL}'
INSTALL_SCRIPT='${INSTALL}'
INSTALL_STRIP_PROGRAM='${SHELL} $(install_sh) -c -s'
LDFLAGS=''
LIBOBJS=''
LIBS='-lpcap '
LTLIBOBJS=''
MAKEINFO='${SHELL} /home/larrylime/Research/packet-trace-research/tcpmkpub-0.1/missing --run makeinfo'
OBJEXT='o'
PACKAGE='tcpmkpub'
PACKAGE_BUGREPORT='rpang@cs.princeton.edu'
PACKAGE_NAME='tcpmkpub'
PACKAGE_STRING='tcpmkpub 0.1'
PACKAGE_TARNAME='tcpmkpub'
PACKAGE_VERSION='0.1'
PATH_SEPARATOR=':'
SET_MAKE=''
SHELL='/bin/bash'
STRIP=''
VERSION='0.1'
ac_ct_CC='gcc'
ac_ct_CXX='g++'
ac_ct_STRIP=''
am__fastdepCC_FALSE='#'
am__fastdepCC_TRUE=''
am__fastdepCXX_FALSE='#'
am__fastdepCXX_TRUE=''
am__include='include'
am__leading_dot='.'
am__quote=''
am__tar='${AMTAR} chof - "$$tardir"'
am__untar='${AMTAR} xf -'
bindir='${exec_prefix}/bin'
build='x86_64-unknown-linux-gnu'
build_alias=''
build_cpu='x86_64'
build_os='linux-gnu'
build_vendor='unknown'
datadir='${prefix}/share'
exec_prefix='${prefix}'
host='x86_64-unknown-linux-gnu'
host_alias=''
host_cpu='x86_64'
host_os='linux-gnu'
host_vendor='unknown'
includedir='${prefix}/include'
infodir='${prefix}/info'
install_sh='/home/larrylime/Research/packet-trace-research/tcpmkpub-0.1/install-sh'
libdir='${exec_prefix}/lib'
libexecdir='${exec_prefix}/libexec'
localstatedir='${prefix}/var'
mandir='${prefix}/man'
mkdir_p='mkdir -p --'
oldincludedir='/usr/include'
prefix='/usr/local'
program_transform_name='s,x,x,'
sbindir='${exec_prefix}/sbin'
sharedstatedir='${prefix}/com'
sysconfdir='${prefix}/etc'
target='x86_64-unknown-linux-gnu'
target_alias=''
target_cpu='x86_64'
target_os='linux-gnu'
target_vendor='unknown'

## ----------- ##
## confdefs.h. ##
## ----------- ##

#define HAVE_BZERO 1
#define HAVE_FCNTL_H 1
#define HAVE_INTTYPES_H 1
#define HAVE_LIBPCAP 1
#define HAVE_LOCAL_POLICY 1
#define HAVE_LOCAL_POLICY_FILTER_ANON 1
#define HAVE_LOCAL_POLICY_SCANNER_ANON 1
#define HAVE_LOCAL_POLICY_SPECIAL_ANON 1
#define HAVE_LOCAL_POLICY_TOPOLOGY_ANON 1
#define HAVE_MEMORY_H 1
#define HAVE_MEMSET 1
#define HAVE_NETINET_IN_H 1
#define HAVE_STDBOOL_H 1
#define HAVE_STDINT_H 1
#define HAVE_STDLIB_H 1
#define HAVE_STDLIB_H 1
#define HAVE_STRDUP 1
#define HAVE_STRINGS_H 1
#define HAVE_STRING_H 1
#define HAVE_STRING_H 1
#define HAVE_STRSTR 1
#define HAVE_SYS_PARAM_H 1
#define HAVE_SYS_STAT_H 1
#define HAVE_SYS_TIME_H 1
#define HAVE_SYS_TYPES_H 1
#define HAVE_UNISTD_H 1
#define HAVE_UNISTD_H 1
#define HAVE_VPRINTF 1
#define HAVE__BOOL 1
#define PACKAGE "tcpmkpub"
#define PACKAGE_BUGREPORT "rpang@cs.princeton.edu"
#define PACKAGE_NAME "tcpmkpub"
#define PACKAGE_STRING "tcpmkpub 0.1"
#define PACKAGE_TARNAME "tcpmkpub"
#define PACKAGE_VERSION "0.1"
#define STDC_HEADERS 1
#define VERSION "0.1"
#define _BSD_SOURCE 1
#define __FAVOR_BSD 1
#endif
#ifdef __cplusplus
extern "C" void std::exit (int) throw (); using std::exit;

configure: exit 0
